{"/Users/skundu/Documents/avoma-assignment/postcss.config.js": {"path":"/Users/skundu/Documents/avoma-assignment/postcss.config.js","statementMap":{},"fnMap":{},"branchMap":{},"s":{},"f":{},"b":{},"inputSourceMap":null}
,"/Users/skundu/Documents/avoma-assignment/tailwind.config.js": {"path":"/Users/skundu/Documents/avoma-assignment/tailwind.config.js","statementMap":{"0":{"start":{"line":2,"column":0},"end":{"line":11,"column":1}}},"fnMap":{},"branchMap":{},"s":{"0":0},"f":{},"b":{},"inputSourceMap":null}
,"/Users/skundu/Documents/avoma-assignment/vite.config.ts": {"path":"/Users/skundu/Documents/avoma-assignment/vite.config.ts","statementMap":{"0":{"start":{"line":1,"column":0},"end":{"line":1,"column":35}},"1":{"start":{"line":2,"column":0},"end":{"line":2,"column":44}},"2":{"start":{"line":5,"column":0},"end":{"line":7,"column":null}}},"fnMap":{},"branchMap":{},"s":{"0":0,"1":0,"2":0},"f":{},"b":{}}
,"/Users/skundu/Documents/avoma-assignment/lighthouseConfig/lighthouse-mobile-config.js": {"path":"/Users/skundu/Documents/avoma-assignment/lighthouseConfig/lighthouse-mobile-config.js","statementMap":{"0":{"start":{"line":1,"column":0},"end":{"line":13,"column":4}}},"fnMap":{},"branchMap":{},"s":{"0":0},"f":{},"b":{},"inputSourceMap":null}
,"/Users/skundu/Documents/avoma-assignment/lighthouseConfig/lighthouse-tablet-config.js": {"path":"/Users/skundu/Documents/avoma-assignment/lighthouseConfig/lighthouse-tablet-config.js","statementMap":{"0":{"start":{"line":1,"column":0},"end":{"line":13,"column":4}}},"fnMap":{},"branchMap":{},"s":{"0":0},"f":{},"b":{},"inputSourceMap":null}
,"/Users/skundu/Documents/avoma-assignment/src/App.tsx": {"path":"/Users/skundu/Documents/avoma-assignment/src/App.tsx","statementMap":{"0":{"start":{"line":1,"column":0},"end":{"line":1,"column":26}},"1":{"start":{"line":2,"column":0},"end":{"line":2,"column":19}},"2":{"start":{"line":3,"column":0},"end":{"line":3,"column":40}},"3":{"start":{"line":6,"column":2},"end":{"line":6,"column":23}},"4":{"start":{"line":9,"column":0},"end":{"line":9,"column":19}}},"fnMap":{"0":{"name":"App","decl":{"start":{"line":5,"column":9},"end":{"line":5,"column":12}},"loc":{"start":{"line":5,"column":12},"end":{"line":7,"column":1}}}},"branchMap":{},"s":{"0":0,"1":0,"2":0,"3":0,"4":0},"f":{"0":0},"b":{}}
,"/Users/skundu/Documents/avoma-assignment/src/main.tsx": {"path":"/Users/skundu/Documents/avoma-assignment/src/main.tsx","statementMap":{"0":{"start":{"line":2,"column":0},"end":{"line":2,"column":26}},"1":{"start":{"line":3,"column":0},"end":{"line":3,"column":40}},"2":{"start":{"line":4,"column":0},"end":{"line":4,"column":21}},"3":{"start":{"line":5,"column":0},"end":{"line":5,"column":73}},"4":{"start":{"line":6,"column":0},"end":{"line":6,"column":24}},"5":{"start":{"line":8,"column":20},"end":{"line":8,"column":37}},"6":{"start":{"line":10,"column":0},"end":{"line":16,"column":2}}},"fnMap":{},"branchMap":{},"s":{"0":0,"1":0,"2":0,"3":0,"4":0,"5":0,"6":0},"f":{},"b":{}}
,"/Users/skundu/Documents/avoma-assignment/src/vite-env.d.ts": {"path":"/Users/skundu/Documents/avoma-assignment/src/vite-env.d.ts","statementMap":{},"fnMap":{},"branchMap":{},"s":{},"f":{},"b":{}}
,"/Users/skundu/Documents/avoma-assignment/src/components/CardComponent.tsx": {"path":"/Users/skundu/Documents/avoma-assignment/src/components/CardComponent.tsx","statementMap":{"0":{"start":{"line":2,"column":0},"end":{"line":2,"column":26}},"1":{"start":{"line":3,"column":0},"end":{"line":3,"column":40}},"2":{"start":{"line":13,"column":52},"end":{"line":38,"column":1}},"3":{"start":{"line":21,"column":4},"end":{"line":23,"column":null}},"4":{"start":{"line":27,"column":2},"end":{"line":37,"column":4}},"5":{"start":{"line":40,"column":0},"end":{"line":40,"column":29}}},"fnMap":{"0":{"name":"(anonymous_1)","decl":{"start":{"line":13,"column":52},"end":{"line":13,"column":53}},"loc":{"start":{"line":19,"column":5},"end":{"line":38,"column":1}}}},"branchMap":{"0":{"loc":{"start":{"line":18,"column":2},"end":{"line":18,"column":18}},"type":"default-arg","locations":[{"start":{"line":18,"column":14},"end":{"line":18,"column":18}}]},"1":{"loc":{"start":{"line":29,"column":7},"end":{"line":34,"column":null}},"type":"cond-expr","locations":[{"start":{"line":30,"column":8},"end":{"line":31,"column":null}},{"start":{"line":34,"column":8},"end":{"line":34,"column":32}}]},"2":{"loc":{"start":{"line":29,"column":7},"end":{"line":29,"column":28}},"type":"binary-expr","locations":[{"start":{"line":29,"column":7},"end":{"line":29,"column":16}},{"start":{"line":29,"column":20},"end":{"line":29,"column":28}}]}},"s":{"0":4,"1":4,"2":4,"3":8,"4":8,"5":4},"f":{"0":8},"b":{"0":[2],"1":[2,6],"2":[8,4]}}
,"/Users/skundu/Documents/avoma-assignment/src/components/ErrorBoundary.tsx": {"path":"/Users/skundu/Documents/avoma-assignment/src/components/ErrorBoundary.tsx","statementMap":{"0":{"start":{"line":1,"column":0},"end":{"line":1,"column":52}},"1":{"start":{"line":15,"column":4},"end":{"line":15,"column":17}},"2":{"start":{"line":16,"column":4},"end":{"line":16,"column":67}},"3":{"start":{"line":20,"column":4},"end":{"line":20,"column":54}},"4":{"start":{"line":24,"column":4},"end":{"line":24,"column":40}},"5":{"start":{"line":28,"column":4},"end":{"line":44,"column":5}},"6":{"start":{"line":29,"column":6},"end":{"line":43,"column":8}},"7":{"start":{"line":46,"column":4},"end":{"line":46,"column":31}},"8":{"start":{"line":50,"column":0},"end":{"line":50,"column":29}}},"fnMap":{"0":{"name":"(anonymous_1)","decl":{"start":{"line":14,"column":2},"end":{"line":14,"column":14}},"loc":{"start":{"line":14,"column":39},"end":{"line":17,"column":3}}},"1":{"name":"(anonymous_2)","decl":{"start":{"line":19,"column":2},"end":{"line":19,"column":8}},"loc":{"start":{"line":19,"column":46},"end":{"line":21,"column":3}}},"2":{"name":"(anonymous_3)","decl":{"start":{"line":23,"column":2},"end":{"line":23,"column":19}},"loc":{"start":{"line":23,"column":54},"end":{"line":25,"column":3}}},"3":{"name":"(anonymous_4)","decl":{"start":{"line":27,"column":2},"end":{"line":27,"column":8}},"loc":{"start":{"line":27,"column":8},"end":{"line":47,"column":3}}}},"branchMap":{"0":{"loc":{"start":{"line":28,"column":4},"end":{"line":44,"column":5}},"type":"if","locations":[{"start":{"line":28,"column":4},"end":{"line":44,"column":5}}]},"1":{"loc":{"start":{"line":36,"column":17},"end":{"line":36,"column":64}},"type":"binary-expr","locations":[{"start":{"line":36,"column":17},"end":{"line":36,"column":33}},{"start":{"line":36,"column":37},"end":{"line":36,"column":64}}]},"2":{"loc":{"start":{"line":38,"column":17},"end":{"line":38,"column":53}},"type":"cond-expr","locations":[{"start":{"line":38,"column":37},"end":{"line":38,"column":39}},{"start":{"line":38,"column":39},"end":{"line":38,"column":53}}]},"3":{"loc":{"start":{"line":38,"column":17},"end":{"line":38,"column":39}},"type":"binary-expr","locations":[{"start":{"line":38,"column":17},"end":{"line":38,"column":39}},{"start":{"line":38,"column":37},"end":{"line":38,"column":39}}]}},"s":{"0":1,"1":4,"2":3,"3":2,"4":1,"5":6,"6":3,"7":3,"8":1},"f":{"0":4,"1":2,"2":1,"3":6},"b":{"0":[3],"1":[3,3],"2":[2,1],"3":[3,1]}}
,"/Users/skundu/Documents/avoma-assignment/src/components/ErrorComponent.tsx": {"path":"/Users/skundu/Documents/avoma-assignment/src/components/ErrorComponent.tsx","statementMap":{"0":{"start":{"line":1,"column":0},"end":{"line":1,"column":26}},"1":{"start":{"line":7,"column":54},"end":{"line":14,"column":1}},"2":{"start":{"line":8,"column":2},"end":{"line":13,"column":4}},"3":{"start":{"line":16,"column":0},"end":{"line":16,"column":30}}},"fnMap":{"0":{"name":"(anonymous_1)","decl":{"start":{"line":7,"column":54},"end":{"line":7,"column":55}},"loc":{"start":{"line":7,"column":70},"end":{"line":14,"column":1}}}},"branchMap":{},"s":{"0":3,"1":3,"2":1,"3":3},"f":{"0":1},"b":{}}
,"/Users/skundu/Documents/avoma-assignment/src/components/LoadingIcon.tsx": {"path":"/Users/skundu/Documents/avoma-assignment/src/components/LoadingIcon.tsx","statementMap":{"0":{"start":{"line":1,"column":0},"end":{"line":1,"column":26}},"1":{"start":{"line":3,"column":30},"end":{"line":9,"column":1}},"2":{"start":{"line":4,"column":2},"end":{"line":8,"column":4}},"3":{"start":{"line":11,"column":0},"end":{"line":11,"column":27}}},"fnMap":{"0":{"name":"(anonymous_1)","decl":{"start":{"line":3,"column":30},"end":{"line":3,"column":33}},"loc":{"start":{"line":3,"column":35},"end":{"line":9,"column":1}}}},"branchMap":{},"s":{"0":3,"1":3,"2":3,"3":3},"f":{"0":3},"b":{}}
,"/Users/skundu/Documents/avoma-assignment/src/pages/Post.tsx": {"path":"/Users/skundu/Documents/avoma-assignment/src/pages/Post.tsx","statementMap":{"0":{"start":{"line":2,"column":0},"end":{"line":2,"column":26}},"1":{"start":{"line":3,"column":0},"end":{"line":3,"column":51}},"2":{"start":{"line":4,"column":0},"end":{"line":4,"column":49}},"3":{"start":{"line":5,"column":0},"end":{"line":5,"column":56}},"4":{"start":{"line":6,"column":0},"end":{"line":6,"column":52}},"5":{"start":{"line":7,"column":0},"end":{"line":7,"column":58}},"6":{"start":{"line":8,"column":0},"end":{"line":8,"column":57}},"7":{"start":{"line":11,"column":23},"end":{"line":64,"column":1}},"8":{"start":{"line":12,"column":17},"end":{"line":12,"column":44}},"9":{"start":{"line":18,"column":6},"end":{"line":23,"column":4}},"10":{"start":{"line":20,"column":19},"end":{"line":20,"column":33}},"11":{"start":{"line":29,"column":6},"end":{"line":34,"column":4}},"12":{"start":{"line":31,"column":19},"end":{"line":31,"column":37}},"13":{"start":{"line":36,"column":2},"end":{"line":36,"column":42}},"14":{"start":{"line":36,"column":19},"end":{"line":36,"column":42}},"15":{"start":{"line":37,"column":2},"end":{"line":37,"column":105}},"16":{"start":{"line":37,"column":26},"end":{"line":37,"column":105}},"17":{"start":{"line":39,"column":2},"end":{"line":39,"column":46}},"18":{"start":{"line":39,"column":23},"end":{"line":39,"column":46}},"19":{"start":{"line":40,"column":2},"end":{"line":40,"column":120}},"20":{"start":{"line":40,"column":34},"end":{"line":40,"column":120}},"21":{"start":{"line":42,"column":2},"end":{"line":63,"column":4}},"22":{"start":{"line":53,"column":10},"end":{"line":58,"column":null}},"23":{"start":{"line":66,"column":0},"end":{"line":66,"column":20}}},"fnMap":{"0":{"name":"(anonymous_1)","decl":{"start":{"line":11,"column":23},"end":{"line":11,"column":26}},"loc":{"start":{"line":11,"column":28},"end":{"line":64,"column":1}}},"1":{"name":"(anonymous_2)","decl":{"start":{"line":20,"column":13},"end":{"line":20,"column":16}},"loc":{"start":{"line":20,"column":19},"end":{"line":20,"column":33}}},"2":{"name":"(anonymous_3)","decl":{"start":{"line":31,"column":13},"end":{"line":31,"column":16}},"loc":{"start":{"line":31,"column":19},"end":{"line":31,"column":37}}},"3":{"name":"(anonymous_4)","decl":{"start":{"line":52,"column":23},"end":{"line":52,"column":24}},"loc":{"start":{"line":53,"column":10},"end":{"line":58,"column":null}}}},"branchMap":{"0":{"loc":{"start":{"line":36,"column":2},"end":{"line":36,"column":42}},"type":"if","locations":[{"start":{"line":36,"column":2},"end":{"line":36,"column":42}}]},"1":{"loc":{"start":{"line":37,"column":2},"end":{"line":37,"column":105}},"type":"if","locations":[{"start":{"line":37,"column":2},"end":{"line":37,"column":105}}]},"2":{"loc":{"start":{"line":37,"column":6},"end":{"line":37,"column":24}},"type":"binary-expr","locations":[{"start":{"line":37,"column":6},"end":{"line":37,"column":15}},{"start":{"line":37,"column":19},"end":{"line":37,"column":24}}]},"3":{"loc":{"start":{"line":37,"column":58},"end":{"line":37,"column":100}},"type":"cond-expr","locations":[{"start":{"line":37,"column":76},"end":{"line":37,"column":80}},{"start":{"line":37,"column":80},"end":{"line":37,"column":100}}]},"4":{"loc":{"start":{"line":37,"column":58},"end":{"line":37,"column":80}},"type":"binary-expr","locations":[{"start":{"line":37,"column":58},"end":{"line":37,"column":80}},{"start":{"line":37,"column":76},"end":{"line":37,"column":80}}]},"5":{"loc":{"start":{"line":37,"column":58},"end":{"line":37,"column":76}},"type":"cond-expr","locations":[{"start":{"line":37,"column":67},"end":{"line":37,"column":69}},{"start":{"line":37,"column":58},"end":{"line":37,"column":76}}]},"6":{"loc":{"start":{"line":37,"column":58},"end":{"line":37,"column":69}},"type":"binary-expr","locations":[{"start":{"line":37,"column":58},"end":{"line":37,"column":69}},{"start":{"line":37,"column":58},"end":{"line":37,"column":69}}]},"7":{"loc":{"start":{"line":39,"column":2},"end":{"line":39,"column":46}},"type":"if","locations":[{"start":{"line":39,"column":2},"end":{"line":39,"column":46}}]},"8":{"loc":{"start":{"line":40,"column":2},"end":{"line":40,"column":120}},"type":"if","locations":[{"start":{"line":40,"column":2},"end":{"line":40,"column":120}}]},"9":{"loc":{"start":{"line":40,"column":6},"end":{"line":40,"column":32}},"type":"binary-expr","locations":[{"start":{"line":40,"column":6},"end":{"line":40,"column":19}},{"start":{"line":40,"column":23},"end":{"line":40,"column":32}}]},"10":{"loc":{"start":{"line":40,"column":66},"end":{"line":40,"column":115}},"type":"cond-expr","locations":[{"start":{"line":40,"column":88},"end":{"line":40,"column":92}},{"start":{"line":40,"column":92},"end":{"line":40,"column":115}}]},"11":{"loc":{"start":{"line":40,"column":66},"end":{"line":40,"column":92}},"type":"binary-expr","locations":[{"start":{"line":40,"column":66},"end":{"line":40,"column":92}},{"start":{"line":40,"column":88},"end":{"line":40,"column":92}}]},"12":{"loc":{"start":{"line":40,"column":66},"end":{"line":40,"column":88}},"type":"cond-expr","locations":[{"start":{"line":40,"column":79},"end":{"line":40,"column":81}},{"start":{"line":40,"column":66},"end":{"line":40,"column":88}}]},"13":{"loc":{"start":{"line":40,"column":66},"end":{"line":40,"column":81}},"type":"binary-expr","locations":[{"start":{"line":40,"column":66},"end":{"line":40,"column":81}},{"start":{"line":40,"column":66},"end":{"line":40,"column":81}}]},"14":{"loc":{"start":{"line":47,"column":47},"end":{"line":47,"column":58}},"type":"cond-expr","locations":[{"start":{"line":47,"column":51},"end":{"line":47,"column":53}},{"start":{"line":47,"column":47},"end":{"line":47,"column":58}}]},"15":{"loc":{"start":{"line":47,"column":47},"end":{"line":47,"column":53}},"type":"binary-expr","locations":[{"start":{"line":47,"column":47},"end":{"line":47,"column":53}},{"start":{"line":47,"column":47},"end":{"line":47,"column":53}}]},"16":{"loc":{"start":{"line":48,"column":27},"end":{"line":48,"column":37}},"type":"cond-expr","locations":[{"start":{"line":48,"column":31},"end":{"line":48,"column":33}},{"start":{"line":48,"column":27},"end":{"line":48,"column":37}}]},"17":{"loc":{"start":{"line":48,"column":27},"end":{"line":48,"column":33}},"type":"binary-expr","locations":[{"start":{"line":48,"column":27},"end":{"line":48,"column":33}},{"start":{"line":48,"column":27},"end":{"line":48,"column":33}}]},"18":{"loc":{"start":{"line":52,"column":9},"end":{"line":60,"column":10}},"type":"cond-expr","locations":[{"start":{"line":52,"column":17},"end":{"line":52,"column":19}},{"start":{"line":52,"column":9},"end":{"line":60,"column":10}}]},"19":{"loc":{"start":{"line":52,"column":9},"end":{"line":52,"column":19}},"type":"binary-expr","locations":[{"start":{"line":52,"column":9},"end":{"line":52,"column":19}},{"start":{"line":52,"column":9},"end":{"line":52,"column":19}}]}},"s":{"0":1,"1":1,"2":1,"3":1,"4":1,"5":1,"6":1,"7":1,"8":2,"9":2,"10":1,"11":2,"12":1,"13":2,"14":1,"15":1,"16":0,"17":1,"18":0,"19":1,"20":0,"21":1,"22":2,"23":1},"f":{"0":2,"1":1,"2":1,"3":2},"b":{"0":[1],"1":[0],"2":[1,1],"3":[0,0],"4":[0,0],"5":[0,0],"6":[0,0],"7":[0],"8":[0],"9":[1,1],"10":[0,0],"11":[0,0],"12":[0,0],"13":[0,0],"14":[0,1],"15":[1,1],"16":[0,1],"17":[1,1],"18":[0,1],"19":[1,1]}}
,"/Users/skundu/Documents/avoma-assignment/src/pages/Posts.tsx": {"path":"/Users/skundu/Documents/avoma-assignment/src/pages/Posts.tsx","statementMap":{"0":{"start":{"line":2,"column":0},"end":{"line":2,"column":26}},"1":{"start":{"line":3,"column":0},"end":{"line":3,"column":49}},"2":{"start":{"line":4,"column":0},"end":{"line":4,"column":56}},"3":{"start":{"line":5,"column":0},"end":{"line":5,"column":52}},"4":{"start":{"line":7,"column":0},"end":{"line":7,"column":58}},"5":{"start":{"line":8,"column":0},"end":{"line":8,"column":43}},"6":{"start":{"line":12,"column":24},"end":{"line":41,"column":1}},"7":{"start":{"line":13,"column":37},"end":{"line":18,"column":4}},"8":{"start":{"line":20,"column":2},"end":{"line":20,"column":40}},"9":{"start":{"line":20,"column":17},"end":{"line":20,"column":40}},"10":{"start":{"line":21,"column":2},"end":{"line":21,"column":63}},"11":{"start":{"line":21,"column":13},"end":{"line":21,"column":63}},"12":{"start":{"line":23,"column":2},"end":{"line":23,"column":68}},"13":{"start":{"line":23,"column":13},"end":{"line":23,"column":68}},"14":{"start":{"line":25,"column":2},"end":{"line":40,"column":4}},"15":{"start":{"line":30,"column":10},"end":{"line":35,"column":null}},"16":{"start":{"line":43,"column":0},"end":{"line":43,"column":21}}},"fnMap":{"0":{"name":"(anonymous_1)","decl":{"start":{"line":12,"column":24},"end":{"line":12,"column":27}},"loc":{"start":{"line":12,"column":29},"end":{"line":41,"column":1}}},"1":{"name":"(anonymous_2)","decl":{"start":{"line":29,"column":19},"end":{"line":29,"column":20}},"loc":{"start":{"line":30,"column":10},"end":{"line":35,"column":null}}}},"branchMap":{"0":{"loc":{"start":{"line":20,"column":2},"end":{"line":20,"column":40}},"type":"if","locations":[{"start":{"line":20,"column":2},"end":{"line":20,"column":40}}]},"1":{"loc":{"start":{"line":21,"column":2},"end":{"line":21,"column":63}},"type":"if","locations":[{"start":{"line":21,"column":2},"end":{"line":21,"column":63}}]},"2":{"loc":{"start":{"line":23,"column":2},"end":{"line":23,"column":68}},"type":"if","locations":[{"start":{"line":23,"column":2},"end":{"line":23,"column":68}}]},"3":{"loc":{"start":{"line":29,"column":9},"end":{"line":37,"column":10}},"type":"cond-expr","locations":[{"start":{"line":29,"column":13},"end":{"line":29,"column":15}},{"start":{"line":29,"column":9},"end":{"line":37,"column":10}}]},"4":{"loc":{"start":{"line":29,"column":9},"end":{"line":29,"column":15}},"type":"binary-expr","locations":[{"start":{"line":29,"column":9},"end":{"line":29,"column":15}},{"start":{"line":29,"column":9},"end":{"line":29,"column":15}}]}},"s":{"0":1,"1":1,"2":1,"3":1,"4":1,"5":1,"6":1,"7":2,"8":2,"9":1,"10":1,"11":0,"12":1,"13":0,"14":1,"15":2,"16":1},"f":{"0":2,"1":2},"b":{"0":[1],"1":[0],"2":[0],"3":[0,1],"4":[1,1]}}
,"/Users/skundu/Documents/avoma-assignment/src/router/Routes.tsx": {"path":"/Users/skundu/Documents/avoma-assignment/src/router/Routes.tsx","statementMap":{"0":{"start":{"line":2,"column":0},"end":{"line":2,"column":26}},"1":{"start":{"line":3,"column":0},"end":{"line":3,"column":74}},"2":{"start":{"line":4,"column":0},"end":{"line":4,"column":35}},"3":{"start":{"line":5,"column":0},"end":{"line":5,"column":33}},"4":{"start":{"line":6,"column":0},"end":{"line":6,"column":56}},"5":{"start":{"line":8,"column":28},"end":{"line":19,"column":1}},"6":{"start":{"line":9,"column":2},"end":{"line":18,"column":4}},"7":{"start":{"line":21,"column":0},"end":{"line":21,"column":25}}},"fnMap":{"0":{"name":"(anonymous_1)","decl":{"start":{"line":8,"column":28},"end":{"line":8,"column":31}},"loc":{"start":{"line":8,"column":33},"end":{"line":19,"column":1}}}},"branchMap":{},"s":{"0":0,"1":0,"2":0,"3":0,"4":0,"5":0,"6":0,"7":0},"f":{"0":0},"b":{}}
,"/Users/skundu/Documents/avoma-assignment/src/types/types.js": {"path":"/Users/skundu/Documents/avoma-assignment/src/types/types.js","statementMap":{"0":{"start":{"line":2,"column":0},"end":{"line":2,"column":62}}},"fnMap":{},"branchMap":{},"s":{"0":0},"f":{},"b":{},"inputSourceMap":null}
,"/Users/skundu/Documents/avoma-assignment/src/utils/util.ts": {"path":"/Users/skundu/Documents/avoma-assignment/src/utils/util.ts","statementMap":{"0":{"start":{"line":3,"column":25},"end":{"line":9,"column":4}},"1":{"start":{"line":3,"column":62},"end":{"line":9,"column":4}},"2":{"start":{"line":4,"column":21},"end":{"line":4,"column":37}},"3":{"start":{"line":5,"column":4},"end":{"line":7,"column":5}},"4":{"start":{"line":6,"column":6},"end":{"line":6,"column":53}},"5":{"start":{"line":8,"column":4},"end":{"line":8,"column":27}},"6":{"start":{"line":3,"column":13},"end":{"line":3,"column":25}},"7":{"start":{"line":11,"column":27},"end":{"line":13,"column":2}},"8":{"start":{"line":11,"column":67},"end":{"line":13,"column":2}},"9":{"start":{"line":12,"column":4},"end":{"line":12,"column":73}},"10":{"start":{"line":11,"column":15},"end":{"line":11,"column":27}},"11":{"start":{"line":15,"column":29},"end":{"line":17,"column":2}},"12":{"start":{"line":15,"column":78},"end":{"line":17,"column":2}},"13":{"start":{"line":16,"column":4},"end":{"line":16,"column":87}},"14":{"start":{"line":15,"column":13},"end":{"line":15,"column":29}},"15":{"start":{"line":19,"column":26},"end":{"line":21,"column":2}},"16":{"start":{"line":19,"column":58},"end":{"line":21,"column":2}},"17":{"start":{"line":20,"column":2},"end":{"line":20,"column":77}},"18":{"start":{"line":19,"column":13},"end":{"line":19,"column":26}}},"fnMap":{"0":{"name":"(anonymous_7)","decl":{"start":{"line":3,"column":25},"end":{"line":3,"column":35}},"loc":{"start":{"line":3,"column":62},"end":{"line":9,"column":4}}},"1":{"name":"(anonymous_8)","decl":{"start":{"line":3,"column":62},"end":{"line":3,"column":null}},"loc":{"start":{"line":3,"column":62},"end":{"line":9,"column":3}}},"2":{"name":"(anonymous_9)","decl":{"start":{"line":11,"column":27},"end":{"line":11,"column":34}},"loc":{"start":{"line":11,"column":67},"end":{"line":13,"column":2}}},"3":{"name":"(anonymous_10)","decl":{"start":{"line":11,"column":67},"end":{"line":11,"column":null}},"loc":{"start":{"line":11,"column":67},"end":{"line":13,"column":1}}},"4":{"name":"(anonymous_11)","decl":{"start":{"line":15,"column":29},"end":{"line":15,"column":36}},"loc":{"start":{"line":15,"column":78},"end":{"line":17,"column":2}}},"5":{"name":"(anonymous_12)","decl":{"start":{"line":15,"column":78},"end":{"line":15,"column":null}},"loc":{"start":{"line":15,"column":78},"end":{"line":17,"column":1}}},"6":{"name":"(anonymous_13)","decl":{"start":{"line":19,"column":26},"end":{"line":19,"column":56}},"loc":{"start":{"line":19,"column":58},"end":{"line":21,"column":2}}},"7":{"name":"(anonymous_14)","decl":{"start":{"line":19,"column":58},"end":{"line":19,"column":null}},"loc":{"start":{"line":19,"column":58},"end":{"line":21,"column":1}}}},"branchMap":{"0":{"loc":{"start":{"line":5,"column":4},"end":{"line":7,"column":5}},"type":"if","locations":[{"start":{"line":5,"column":4},"end":{"line":7,"column":5}}]}},"s":{"0":0,"1":0,"2":0,"3":0,"4":0,"5":0,"6":0,"7":0,"8":0,"9":0,"10":0,"11":0,"12":0,"13":0,"14":0,"15":0,"16":0,"17":0,"18":0},"f":{"0":0,"1":0,"2":0,"3":0,"4":0,"5":0,"6":0,"7":0},"b":{"0":[0]}}
}
