TN:
SF:postcss.config.js
FNF:0
FNH:0
LF:0
LH:0
BRF:0
BRH:0
end_of_record
TN:
SF:tailwind.config.js
FNF:0
FNH:0
DA:2,0
LF:1
LH:0
BRF:0
BRH:0
end_of_record
TN:
SF:vite.config.ts
FNF:0
FNH:0
DA:1,0
DA:2,0
DA:5,0
LF:3
LH:0
BRF:0
BRH:0
end_of_record
TN:
SF:lighthouseConfig/lighthouse-mobile-config.js
FNF:0
FNH:0
DA:1,0
LF:1
LH:0
BRF:0
BRH:0
end_of_record
TN:
SF:lighthouseConfig/lighthouse-tablet-config.js
FNF:0
FNH:0
DA:1,0
LF:1
LH:0
BRF:0
BRH:0
end_of_record
TN:
SF:src/App.tsx
FN:5,App
FNF:1
FNH:0
FNDA:0,App
DA:1,0
DA:2,0
DA:3,0
DA:6,0
DA:9,0
LF:5
LH:0
BRF:0
BRH:0
end_of_record
TN:
SF:src/main.tsx
FNF:0
FNH:0
DA:2,0
DA:3,0
DA:4,0
DA:5,0
DA:6,0
DA:8,0
DA:10,0
LF:7
LH:0
BRF:0
BRH:0
end_of_record
TN:
SF:src/vite-env.d.ts
FNF:0
FNH:0
LF:0
LH:0
BRF:0
BRH:0
end_of_record
TN:
SF:src/components/CardComponent.tsx
FN:13,(anonymous_1)
FNF:1
FNH:1
FNDA:8,(anonymous_1)
DA:2,4
DA:3,4
DA:13,4
DA:21,8
DA:27,8
DA:40,4
LF:6
LH:6
BRDA:18,0,0,2
BRDA:29,1,0,2
BRDA:29,1,1,6
BRDA:29,2,0,8
BRDA:29,2,1,4
BRF:5
BRH:5
end_of_record
TN:
SF:src/components/ErrorBoundary.tsx
FN:14,(anonymous_1)
FN:19,(anonymous_2)
FN:23,(anonymous_3)
FN:27,(anonymous_4)
FNF:4
FNH:4
FNDA:4,(anonymous_1)
FNDA:2,(anonymous_2)
FNDA:1,(anonymous_3)
FNDA:6,(anonymous_4)
DA:1,1
DA:15,4
DA:16,3
DA:20,2
DA:24,1
DA:28,6
DA:29,3
DA:46,3
DA:50,1
LF:9
LH:9
BRDA:28,0,0,3
BRDA:36,1,0,3
BRDA:36,1,1,3
BRDA:38,2,0,2
BRDA:38,2,1,1
BRDA:38,3,0,3
BRDA:38,3,1,1
BRF:7
BRH:7
end_of_record
TN:
SF:src/components/ErrorComponent.tsx
FN:7,(anonymous_1)
FNF:1
FNH:1
FNDA:1,(anonymous_1)
DA:1,3
DA:7,3
DA:8,1
DA:16,3
LF:4
LH:4
BRF:0
BRH:0
end_of_record
TN:
SF:src/components/LoadingIcon.tsx
FN:3,(anonymous_1)
FNF:1
FNH:1
FNDA:3,(anonymous_1)
DA:1,3
DA:3,3
DA:4,3
DA:11,3
LF:4
LH:4
BRF:0
BRH:0
end_of_record
TN:
SF:src/pages/Post.tsx
FN:11,(anonymous_1)
FN:20,(anonymous_2)
FN:31,(anonymous_3)
FN:52,(anonymous_4)
FNF:4
FNH:4
FNDA:2,(anonymous_1)
FNDA:1,(anonymous_2)
FNDA:1,(anonymous_3)
FNDA:2,(anonymous_4)
DA:2,1
DA:3,1
DA:4,1
DA:5,1
DA:6,1
DA:7,1
DA:8,1
DA:11,1
DA:12,2
DA:18,2
DA:20,1
DA:29,2
DA:31,1
DA:36,2
DA:37,1
DA:39,1
DA:40,1
DA:42,1
DA:53,2
DA:66,1
LF:20
LH:20
BRDA:36,0,0,1
BRDA:37,1,0,0
BRDA:37,2,0,1
BRDA:37,2,1,1
BRDA:37,3,0,0
BRDA:37,3,1,0
BRDA:37,4,0,0
BRDA:37,4,1,0
BRDA:37,5,0,0
BRDA:37,5,1,0
BRDA:37,6,0,0
BRDA:37,6,1,0
BRDA:39,7,0,0
BRDA:40,8,0,0
BRDA:40,9,0,1
BRDA:40,9,1,1
BRDA:40,10,0,0
BRDA:40,10,1,0
BRDA:40,11,0,0
BRDA:40,11,1,0
BRDA:40,12,0,0
BRDA:40,12,1,0
BRDA:40,13,0,0
BRDA:40,13,1,0
BRDA:47,14,0,0
BRDA:47,14,1,1
BRDA:47,15,0,1
BRDA:47,15,1,1
BRDA:48,16,0,0
BRDA:48,16,1,1
BRDA:48,17,0,1
BRDA:48,17,1,1
BRDA:52,18,0,0
BRDA:52,18,1,1
BRDA:52,19,0,1
BRDA:52,19,1,1
BRF:36
BRH:14
end_of_record
TN:
SF:src/pages/Posts.tsx
FN:12,(anonymous_1)
FN:29,(anonymous_2)
FNF:2
FNH:2
FNDA:2,(anonymous_1)
FNDA:2,(anonymous_2)
DA:2,1
DA:3,1
DA:4,1
DA:5,1
DA:7,1
DA:8,1
DA:12,1
DA:13,2
DA:20,2
DA:21,1
DA:23,1
DA:25,1
DA:30,2
DA:43,1
LF:14
LH:14
BRDA:20,0,0,1
BRDA:21,1,0,0
BRDA:23,2,0,0
BRDA:29,3,0,0
BRDA:29,3,1,1
BRDA:29,4,0,1
BRDA:29,4,1,1
BRF:7
BRH:4
end_of_record
TN:
SF:src/router/Routes.tsx
FN:8,(anonymous_1)
FNF:1
FNH:0
FNDA:0,(anonymous_1)
DA:2,0
DA:3,0
DA:4,0
DA:5,0
DA:6,0
DA:8,0
DA:9,0
DA:21,0
LF:8
LH:0
BRF:0
BRH:0
end_of_record
TN:
SF:src/types/types.js
FNF:0
FNH:0
DA:2,0
LF:1
LH:0
BRF:0
BRH:0
end_of_record
TN:
SF:src/utils/util.ts
FN:3,(anonymous_7)
FN:3,(anonymous_8)
FN:11,(anonymous_9)
FN:11,(anonymous_10)
FN:15,(anonymous_11)
FN:15,(anonymous_12)
FN:19,(anonymous_13)
FN:19,(anonymous_14)
FNF:8
FNH:0
FNDA:0,(anonymous_7)
FNDA:0,(anonymous_8)
FNDA:0,(anonymous_9)
FNDA:0,(anonymous_10)
FNDA:0,(anonymous_11)
FNDA:0,(anonymous_12)
FNDA:0,(anonymous_13)
FNDA:0,(anonymous_14)
DA:3,0
DA:4,0
DA:5,0
DA:6,0
DA:8,0
DA:11,0
DA:12,0
DA:15,0
DA:16,0
DA:19,0
DA:20,0
LF:11
LH:0
BRDA:5,0,0,0
BRF:1
BRH:0
end_of_record
